<?xml version="1.0" encoding="UTF-8"?>
<testng-results ignored="0" total="2" passed="2" failed="0" skipped="0">
  <reporter-output>
  </reporter-output>
  <suite started-at="2021-06-24T12:00:07 CDT" name="Default suite" finished-at="2021-06-24T12:00:24 CDT" duration-ms="16956">
    <groups>
    </groups>
    <test started-at="2021-06-24T12:00:07 CDT" name="Default test" finished-at="2021-06-24T12:00:24 CDT" duration-ms="16956">
      <class name="xboxProject.xboxlive">
        <test-method is-config="true" signature="browserSetup()[pri:0, instance:xboxProject.xboxlive@15bb5034]" started-at="2021-06-24T12:00:07 CDT" name="browserSetup" finished-at="2021-06-24T12:00:10 CDT" duration-ms="2871" status="PASS">
          <reporter-output>
          </reporter-output>
        </test-method> <!-- browserSetup -->
        <test-method signature="top5gamers()[pri:0, instance:xboxProject.xboxlive@15bb5034]" started-at="2021-06-24T12:00:10 CDT" name="top5gamers" finished-at="2021-06-24T12:00:10 CDT" duration-ms="450" status="PASS">
          <reporter-output>
          </reporter-output>
        </test-method> <!-- top5gamers -->
        <test-method is-config="true" signature="terminateBrowser()[pri:0, instance:xboxProject.xboxlive@15bb5034]" started-at="2021-06-24T12:00:10 CDT" name="terminateBrowser" finished-at="2021-06-24T12:00:15 CDT" duration-ms="5166" status="PASS">
          <reporter-output>
          </reporter-output>
        </test-method> <!-- terminateBrowser -->
        <test-method is-config="true" signature="browserSetup()[pri:0, instance:xboxProject.xboxlive@15bb5034]" started-at="2021-06-24T12:00:15 CDT" name="browserSetup" finished-at="2021-06-24T12:00:17 CDT" duration-ms="1852" status="PASS">
          <reporter-output>
          </reporter-output>
        </test-method> <!-- browserSetup -->
        <test-method signature="xblUser()[pri:0, instance:xboxProject.xboxlive@15bb5034]" started-at="2021-06-24T12:00:17 CDT" name="xblUser" finished-at="2021-06-24T12:00:19 CDT" duration-ms="1432" status="PASS">
          <reporter-output>
          </reporter-output>
        </test-method> <!-- xblUser -->
        <test-method is-config="true" signature="terminateBrowser()[pri:0, instance:xboxProject.xboxlive@15bb5034]" started-at="2021-06-24T12:00:19 CDT" name="terminateBrowser" finished-at="2021-06-24T12:00:24 CDT" duration-ms="5160" status="PASS">
          <reporter-output>
          </reporter-output>
        </test-method> <!-- terminateBrowser -->
      </class> <!-- xboxProject.xboxlive -->
    </test> <!-- Default test -->
  </suite> <!-- Default suite -->
</testng-results>
