<?xml version="1.0" encoding="UTF-8"?>
<testng-results ignored="0" total="1" passed="1" failed="0" skipped="0">
  <reporter-output>
  </reporter-output>
  <suite started-at="2021-06-23T14:43:28 CDT" name="Default suite" finished-at="2021-06-23T14:43:37 CDT" duration-ms="9829">
    <groups>
    </groups>
    <test started-at="2021-06-23T14:43:28 CDT" name="Default test" finished-at="2021-06-23T14:43:37 CDT" duration-ms="9829">
      <class name="xboxProject.xboxlive">
        <test-method is-config="true" signature="browserSetup()[pri:0, instance:xboxProject.xboxlive@7d0b7e3c]" started-at="2021-06-23T14:43:28 CDT" name="browserSetup" finished-at="2021-06-23T14:43:30 CDT" duration-ms="2662" status="PASS">
          <reporter-output>
          </reporter-output>
        </test-method> <!-- browserSetup -->
        <test-method signature="xblUser()[pri:0, instance:xboxProject.xboxlive@7d0b7e3c]" started-at="2021-06-23T14:43:30 CDT" name="xblUser" finished-at="2021-06-23T14:43:32 CDT" duration-ms="1993" status="PASS">
          <reporter-output>
          </reporter-output>
        </test-method> <!-- xblUser -->
        <test-method is-config="true" signature="terminateBrowser()[pri:0, instance:xboxProject.xboxlive@7d0b7e3c]" started-at="2021-06-23T14:43:32 CDT" name="terminateBrowser" finished-at="2021-06-23T14:43:37 CDT" duration-ms="5148" status="PASS">
          <reporter-output>
          </reporter-output>
        </test-method> <!-- terminateBrowser -->
      </class> <!-- xboxProject.xboxlive -->
    </test> <!-- Default test -->
  </suite> <!-- Default suite -->
</testng-results>
